"Start of log file."
"C:/Users/jamorgan/DOCUME~1/ROOMPR~1/RO357C~1/Assets/SM_COM~1.MAX"
"Starting max loading and fbx conversion"
window = undefined
"Settings units"
"Before fbx export"
"After fbx export"
"Finished max loading and fbx conversion"
"C:/Users/jamorgan/DOCUME~1/ROOMPR~1/RO357C~1/Assets/SM_KEY~1.MAX"
"Starting max loading and fbx conversion"
window = undefined
"Settings units"
"Before fbx export"
"After fbx export"
"Finished max loading and fbx conversion"
"C:/Users/jamorgan/DOCUME~1/ROOMPR~1/RO357C~1/Assets/SM_Desk.max"
"Starting max loading and fbx conversion"
window = undefined
"Settings units"
"Before fbx export"
"After fbx export"
"Finished max loading and fbx conversion"
"C:/Users/jamorgan/DOCUME~1/ROOMPR~1/RO357C~1/Assets/SM_DRA~1.MAX"
"Starting max loading and fbx conversion"
window = undefined
"Settings units"
"Before fbx export"
"After fbx export"
"Finished max loading and fbx conversion"
"C:/Users/jamorgan/DOCUME~1/ROOMPR~1/RO357C~1/Assets/SM_CUP~1.MAX"
"Starting max loading and fbx conversion"
window = undefined
"Settings units"
"Before fbx export"
"After fbx export"
"Finished max loading and fbx conversion"
"C:/Users/jamorgan/DOCUME~1/ROOMPR~1/RO357C~1/Assets/SM_MON~1.MAX"
"Starting max loading and fbx conversion"
window = undefined
"Settings units"
"Before fbx export"
"After fbx export"
"Finished max loading and fbx conversion"
"C:/Users/jamorgan/DOCUME~1/ROOMPR~1/RO357C~1/Assets/SM_COM~1.MAX"
"Starting max loading and fbx conversion"
window = undefined
"Settings units"
"Before fbx export"
"After fbx export"
"Finished max loading and fbx conversion"
"C:/Users/jamorgan/DOCUME~1/ROOMPR~1/RO357C~1/Assets/SM_MON~1.MAX"
"Starting max loading and fbx conversion"
window = undefined
"Settings units"
"Before fbx export"
"After fbx export"
"Finished max loading and fbx conversion"
"C:/Users/jamorgan/DOCUME~1/ROOMPR~1/RO357C~1/Assets/SM_KEY~1.MAX"
"Starting max loading and fbx conversion"
window = undefined
"Settings units"
"Before fbx export"
"After fbx export"
"Finished max loading and fbx conversion"
"C:/Users/jamorgan/DOCUME~1/ROOMPR~1/RO357C~1/Assets/SM_DRA~1.MAX"
"Starting max loading and fbx conversion"
window = undefined
"Settings units"
"Before fbx export"
"After fbx export"
"Finished max loading and fbx conversion"
"C:/Users/jamorgan/DOCUME~1/ROOMPR~1/RO357C~1/Assets/SM_Desk.max"
"Starting max loading and fbx conversion"
window = undefined
"Settings units"
"Before fbx export"
"After fbx export"
"Finished max loading and fbx conversion"
"C:/Users/jamorgan/DOCUME~1/ROOMPR~1/RO357C~1/Assets/SM_CUP~1.MAX"
"Starting max loading and fbx conversion"
window = undefined
"Settings units"
"Before fbx export"
"After fbx export"
"Finished max loading and fbx conversion"
